[2017-11-20 17:46:11.055] # OKNAME v3.70 start!<br>
[2017-11-20 17:46:11.085] # mode=HS_CNFRM_POPUP<br>
[2017-11-20 17:46:11.085] # argv[ 1](hs_cert_svc_tx_seqno)=20171120174610939708<br>
[2017-11-20 17:46:11.085] # argv[ 2](nm)=x<br>
[2017-11-20 17:46:11.086] # argv[ 3](brdt)=x<br>
[2017-11-20 17:46:11.086] # argv[ 4](sex)=x<br>
[2017-11-20 17:46:11.086] # argv[ 5](ntv_frnr_tp_cd)=x<br>
[2017-11-20 17:46:11.086] # argv[ 6](var1)=x<br>
[2017-11-20 17:46:11.086] # argv[ 7](var2)=x<br>
[2017-11-20 17:46:11.086] # argv[ 8](var3)=0<br>
[2017-11-20 17:46:11.086] # argv[ 9](var4)=0<br>
[2017-11-20 17:46:11.086] # argv[10](var5)=0<br>
[2017-11-20 17:46:11.086] # argv[11](return_msg)=x<br>
[2017-11-20 17:46:11.086] # argv[12](return_url)=http://temp30.webbridge.co.kr/hs_cnfrm_popup3.php<br>
[2017-11-20 17:46:11.086] # argv[13](in_tp_bit)=0<br>
[2017-11-20 17:46:11.086] # argv[14](hs_cert_msr_cd)=10<br>
[2017-11-20 17:46:11.086] # argv[15](hs_cert_rqst_caus_cd)=00<br>
[2017-11-20 17:46:11.086] # argv[16](idcf_mbr_com_cd)=V33020000000<br>
[2017-11-20 17:46:11.086] # argv[17](server_ip)=x<br>
[2017-11-20 17:46:11.086] # argv[18](client_site_nm)=ok-name.co.kr<br>
[2017-11-20 17:46:11.086] # argv[19](end_point_url)=http://safe.ok-name.co.kr/KcbWebService/OkNameService<br>
[2017-11-20 17:46:11.086] # argv[20](log_path)=/home/hosting_users/wbridge_temp30/www/log<br>
[2017-11-20 17:46:11.086] # argv[21](option)=QLU<br>
[2017-11-20 17:46:11.087] # soap_timeout: 30000 ms<br>
[2017-11-20 17:46:11.124] # key   : Agbe0EYrUSweaVd6v8uKqTYJaDbEuw==:h0mfXkDXCmQHa3RRadSoxA==<br>
[2017-11-20 17:46:11.124] # spkey : Agbe0EYrUSweaVd6v8uKqTYJaDbEuw==<br>
[2017-11-20 17:46:11.124] # ssig  : h0mfXkDXCmQHa3RRadSoxA==<br>
[2017-11-20 17:46:11.126] # nm               : x    <br>
[2017-11-20 17:46:11.126] # brdt             : x    <br>
[2017-11-20 17:46:11.126] # e_nm             : xmHqiFw=<br>
[2017-11-20 17:46:11.126] # e_brdt           : xmHqiFw=<br>
[2017-11-20 17:46:11.126] # cpkey : AgNsi2K8fcHjtzVKPhDuuvXaGcxgHw==<br>
[2017-11-20 17:46:11.126] # csig  : tLwCJr8ecrUSKd3RZORUBQ==<br>
[2017-11-20 17:46:11.173] retmsg: /HH6mEambwpbRSJWM7W6jbzkGZD1IMr8nvn69MK2YHrsGxqJE5QRIraEg3Dm96t0tp7fUB4ETwe1+5gUx+h22RxMKNNKnXrQfQkNTCzRz9mMc+3jgW5yOWItySKWvNyqHGWxphT89PevxKldepZLf+p4bWz4RF5s7NHwFbqeNXrTTMnqF22dtNzIIp6IQ1sqvD5Of4F+wIi0EPLMeHSZd2yD0vocddb24Bbw/0hBJgu+WZnEvpk+b/LrOKWO84HKnePJ/MXQ/TdQIg==
[2017-11-20 17:46:11.174] retmsg: B000:정상:3CAsAt6hkS/ZMHw0Rywuq6FrOe1jQ+DejBwVyMxP3lShbbNvnqXi/16tckLqR75zL/lXqIh73CCTp4zgShsJ2MlBSeOQ+JEEci4kYQcqYxDroIAClB8xG4I5EImH/tsydVV5h2XRsCe3kzZl/DitCQfwDDyfH5n5lwxwoOvUeiqTtNBYrQF2psh3eaLD2Z2Q
[2017-11-20 17:46:11.174] B000
[2017-11-20 17:46:11.174] 정상
[2017-11-20 17:46:11.174] 3CAsAt6hkS/ZMHw0Rywuq6FrOe1jQ+DejBwVyMxP3lShbbNvnqXi/16tckLqR75zL/lXqIh73CCTp4zgShsJ2MlBSeOQ+JEEci4kYQcqYxDroIAClB8xG4I5EImH/tsydVV5h2XRsCe3kzZl/DitCQfwDDyfH5n5lwxwoOvUeiqTtNBYrQF2psh3eaLD2Z2Q
[2017-11-20 17:46:11.174] # final ret code=0<br>
